{
  "Unit Tests": {
    "coverage": {
      "/Users/christinegamble/turing/1module/projects/hyde/lib/bones.rb": [
        1,
        1,
        1,
        1,
        1,
        1,
        null,
        null,
        1,
        null,
        1,
        12,
        12,
        12,
        12,
        12,
        null,
        null,
        1,
        5,
        5,
        5,
        5,
        5,
        5,
        5,
        5,
        null,
        null,
        1,
        5,
        null,
        null,
        1,
        6,
        20,
        20,
        20,
        20,
        20,
        null,
        null,
        null,
        1,
        30,
        30,
        30,
        null,
        null,
        1,
        6,
        6,
        90,
        null,
        6,
        null,
        null,
        1,
        7,
        7,
        7,
        14,
        14,
        7,
        7,
        14,
        null,
        null,
        null,
        7,
        null,
        null,
        null,
        null,
        null,
        null,
        null,
        null,
        null,
        null,
        1,
        18,
        18,
        18,
        36,
        null,
        null,
        18,
        null,
        null,
        1,
        5,
        30,
        null,
        null,
        null,
        1,
        36,
        36,
        null,
        null,
        1,
        1,
        1,
        1,
        1,
        0,
        null,
        null,
        1,
        3,
        3,
        3,
        3,
        3,
        3,
        3,
        3,
        3,
        3,
        3,
        3,
        3,
        0,
        null,
        null,
        1,
        127,
        null,
        null,
        1,
        3,
        0,
        null,
        null,
        1,
        6,
        6,
        12,
        12,
        12,
        null,
        null,
        null,
        1,
        6,
        12,
        6,
        6,
        null,
        null,
        null,
        null,
        null,
        null,
        null,
        null,
        null,
        null,
        null,
        null,
        null,
        null,
        null,
        null,
        null,
        null,
        null,
        null,
        null,
        null
      ]
    },
    "timestamp": 1460726358
  },
  "MiniTest": {
    "coverage": {
    },
    "timestamp": 1460668150
  },
  "RSpec": {
    "coverage": {
      "/Users/christinegamble/turing/1module/projects/hyde/lib/bones.rb": [
        1,
        1,
        1,
        1,
        1,
        1,
        null,
        null,
        1,
        null,
        1,
        17,
        17,
        17,
        17,
        17,
        null,
        null,
        1,
        6,
        6,
        6,
        6,
        6,
        6,
        6,
        6,
        null,
        null,
        1,
        6,
        null,
        null,
        1,
        7,
        24,
        24,
        24,
        24,
        24,
        null,
        null,
        null,
        1,
        36,
        36,
        36,
        null,
        null,
        1,
        7,
        7,
        105,
        null,
        7,
        null,
        null,
        1,
        8,
        8,
        8,
        16,
        16,
        8,
        8,
        16,
        null,
        null,
        null,
        8,
        null,
        null,
        null,
        null,
        null,
        null,
        null,
        null,
        null,
        null,
        1,
        21,
        21,
        21,
        42,
        null,
        null,
        21,
        null,
        null,
        1,
        6,
        36,
        null,
        null,
        null,
        1,
        41,
        41,
        null,
        null,
        1,
        3,
        3,
        3,
        3,
        0,
        null,
        null,
        1,
        4,
        4,
        4,
        4,
        4,
        4,
        4,
        4,
        4,
        4,
        4,
        4,
        4,
        0,
        null,
        null,
        1,
        162,
        null,
        null,
        1,
        4,
        0,
        null,
        null,
        1,
        7,
        7,
        14,
        14,
        14,
        null,
        null,
        null,
        1,
        7,
        14,
        7,
        7,
        null,
        null,
        null,
        null,
        null,
        null,
        null,
        null,
        null,
        null,
        null,
        null,
        null,
        null,
        null,
        null,
        null,
        null,
        null,
        null,
        null,
        null
      ],
      "/Users/christinegamble/turing/1module/projects/hyde/test/setup_test.rb": [
        1,
        1,
        1,
        null,
        1,
        null,
        1,
        1,
        1,
        1,
        null,
        null,
        1,
        1,
        1,
        1,
        1,
        0,
        null,
        null,
        1,
        1,
        1,
        1,
        1,
        1,
        null,
        null,
        1,
        1,
        1,
        1,
        1,
        1,
        1,
        0,
        null,
        null,
        1,
        1,
        1,
        1,
        1,
        0,
        0,
        null,
        null,
        null,
        null,
        null,
        null,
        null,
        null,
        null
      ],
      "/Users/christinegamble/turing/1module/projects/hyde/lib/setup.rb": [
        1,
        1,
        1,
        null,
        1,
        1,
        5,
        null,
        null,
        1,
        1,
        1,
        0,
        null,
        1,
        null,
        null,
        null,
        1,
        5,
        1,
        4,
        1,
        3,
        2,
        1,
        0,
        null,
        1,
        null,
        null,
        null,
        null,
        null,
        null,
        null,
        null,
        null,
        null
      ],
      "/Users/christinegamble/turing/1module/projects/hyde/test/test_helper.rb": [
        1,
        1,
        null,
        1,
        1,
        1
      ]
    },
    "timestamp": 1460726410
  }
}
